This file contains any messages produced by compilers while
running configure, to aid debugging if configure makes a mistake.

It was created by usbip configure 0.1.8, which was
generated by GNU Autoconf 2.68.  Invocation command line was

  $ ./configure 

## --------- ##
## Platform. ##
## --------- ##

hostname = gang-R530-R730-P530
uname -m = x86_64
uname -r = 3.0.0-17-generic
uname -s = Linux
uname -v = #30-Ubuntu SMP Thu Mar 8 20:45:39 UTC 2012

/usr/bin/uname -p = unknown
/bin/uname -X     = unknown

/bin/arch              = unknown
/usr/bin/arch -k       = unknown
/usr/convex/getsysinfo = unknown
/usr/bin/hostinfo      = unknown
/bin/machine           = unknown
/usr/bin/oslevel       = unknown
/bin/universe          = unknown

PATH: /usr/lib/jvm/java-6-sun/bin
PATH: /home/gang/bin
PATH: /usr/lib/lightdm/lightdm
PATH: /usr/local/sbin
PATH: /usr/local/bin
PATH: /usr/sbin
PATH: /usr/bin
PATH: /sbin
PATH: /bin
PATH: /usr/games
PATH: /opt/toolchains/arm-2010q1/bin
PATH: /home/gang/Android/out/host/linux-x86/bin
PATH: /home/gang/Android/prebuilt/linux-x86/toolchain/arm-eabi-4.4.3/bin
PATH: /home/gang/Android/development/emulator/qtools
PATH: /home/gang/Android/prebuilt/linux-x86/toolchain/arm-eabi-4.4.3/bin
PATH: /home/gang/Android/prebuilt/linux-x86/toolchain/arm-eabi-4.4.3/bin


## ----------- ##
## Core tests. ##
## ----------- ##

configure:2311: checking for a BSD-compatible install
configure:2379: result: /usr/bin/install -c
configure:2390: checking whether build environment is sane
configure:2440: result: yes
configure:2581: checking for a thread-safe mkdir -p
configure:2620: result: /bin/mkdir -p
configure:2633: checking for gawk
configure:2663: result: no
configure:2633: checking for mawk
configure:2649: found /usr/bin/mawk
configure:2660: result: mawk
configure:2671: checking whether make sets $(MAKE)
configure:2693: result: yes
configure:2809: checking build system type
configure:2823: result: x86_64-unknown-linux-gnu
configure:2843: checking host system type
configure:2856: result: x86_64-unknown-linux-gnu
configure:2897: checking how to print strings
configure:2924: result: printf
configure:2957: checking for style of include used by make
configure:2985: result: GNU
configure:3055: checking for gcc
configure:3071: found /usr/bin/gcc
configure:3082: result: gcc
configure:3311: checking for C compiler version
configure:3320: gcc --version >&5
gcc (Ubuntu/Linaro 4.4.6-11ubuntu2) 4.4.6
Copyright (C) 2010 Free Software Foundation, Inc.
This is free software; see the source for copying conditions.  There is NO
warranty; not even for MERCHANTABILITY or FITNESS FOR A PARTICULAR PURPOSE.

configure:3331: $? = 0
configure:3320: gcc -v >&5
Using built-in specs.
Target: x86_64-linux-gnu
Configured with: ../src/configure -v --with-pkgversion='Ubuntu/Linaro 4.4.6-11ubuntu2' --with-bugurl=file:///usr/share/doc/gcc-4.4/README.Bugs --enable-languages=c,c++,fortran,objc,obj-c++ --prefix=/usr --program-suffix=-4.4 --enable-shared --enable-linker-build-id --with-system-zlib --libexecdir=/usr/lib --without-included-gettext --enable-threads=posix --with-gxx-include-dir=/usr/include/c++/4.4 --libdir=/usr/lib --enable-nls --with-sysroot=/ --enable-clocale=gnu --enable-libstdcxx-debug --enable-objc-gc --disable-werror --with-arch-32=i686 --with-tune=generic --enable-checking=release --build=x86_64-linux-gnu --host=x86_64-linux-gnu --target=x86_64-linux-gnu
Thread model: posix
gcc version 4.4.6 (Ubuntu/Linaro 4.4.6-11ubuntu2) 
configure:3331: $? = 0
configure:3320: gcc -V >&5
gcc: '-V' option must have argument
configure:3331: $? = 1
configure:3320: gcc -qversion >&5
gcc: unrecognized option '-qversion'
gcc: no input files
configure:3331: $? = 1
configure:3351: checking whether the C compiler works
configure:3373: gcc    conftest.c  >&5
configure:3377: $? = 0
configure:3425: result: yes
configure:3428: checking for C compiler default output file name
configure:3430: result: a.out
configure:3436: checking for suffix of executables
configure:3443: gcc -o conftest    conftest.c  >&5
configure:3447: $? = 0
configure:3469: result: 
configure:3491: checking whether we are cross compiling
configure:3499: gcc -o conftest    conftest.c  >&5
configure:3503: $? = 0
configure:3510: ./conftest
configure:3514: $? = 0
configure:3529: result: no
configure:3534: checking for suffix of object files
configure:3556: gcc -c   conftest.c >&5
configure:3560: $? = 0
configure:3581: result: o
configure:3585: checking whether we are using the GNU C compiler
configure:3604: gcc -c   conftest.c >&5
configure:3604: $? = 0
configure:3613: result: yes
configure:3622: checking whether gcc accepts -g
configure:3642: gcc -c -g  conftest.c >&5
configure:3642: $? = 0
configure:3683: result: yes
configure:3700: checking for gcc option to accept ISO C89
configure:3764: gcc  -c -g -O2  conftest.c >&5
configure:3764: $? = 0
configure:3777: result: none needed
configure:3799: checking dependency style of gcc
configure:3909: result: gcc3
configure:3924: checking for a sed that does not truncate output
configure:3988: result: /bin/sed
configure:4006: checking for grep that handles long lines and -e
configure:4064: result: /bin/grep
configure:4069: checking for egrep
configure:4131: result: /bin/grep -E
configure:4136: checking for fgrep
configure:4198: result: /bin/grep -F
configure:4233: checking for ld used by gcc
configure:4300: result: /usr/bin/ld
configure:4307: checking if the linker (/usr/bin/ld) is GNU ld
configure:4322: result: yes
configure:4334: checking for BSD- or MS-compatible name lister (nm)
configure:4383: result: /usr/bin/nm -B
configure:4513: checking the name lister (/usr/bin/nm -B) interface
configure:4520: gcc -c -g -O2  conftest.c >&5
configure:4523: /usr/bin/nm -B "conftest.o"
configure:4526: output
0000000000000000 B some_variable
configure:4533: result: BSD nm
configure:4536: checking whether ln -s works
configure:4540: result: yes
configure:4548: checking the maximum length of command line arguments
configure:4673: result: 1572864
configure:4690: checking whether the shell understands some XSI constructs
configure:4700: result: yes
configure:4704: checking whether the shell understands "+="
configure:4710: result: yes
configure:4745: checking how to convert x86_64-unknown-linux-gnu file names to x86_64-unknown-linux-gnu format
configure:4785: result: func_convert_file_noop
configure:4792: checking how to convert x86_64-unknown-linux-gnu file names to toolchain format
configure:4812: result: func_convert_file_noop
configure:4819: checking for /usr/bin/ld option to reload object files
configure:4826: result: -r
configure:4900: checking for objdump
configure:4916: found /usr/bin/objdump
configure:4927: result: objdump
configure:4959: checking how to recognize dependent libraries
configure:5161: result: pass_all
configure:5246: checking for dlltool
configure:5276: result: no
configure:5306: checking how to associate runtime and link libraries
configure:5333: result: printf %s\n
configure:5394: checking for ar
configure:5410: found /usr/bin/ar
configure:5421: result: ar
configure:5458: checking for archiver @FILE support
configure:5475: gcc -c -g -O2  conftest.c >&5
configure:5475: $? = 0
configure:5478: ar cru libconftest.a @conftest.lst >&5
configure:5481: $? = 0
configure:5486: ar cru libconftest.a @conftest.lst >&5
ar: conftest.o: No such file or directory
configure:5489: $? = 1
configure:5501: result: @
configure:5559: checking for strip
configure:5575: found /usr/bin/strip
configure:5586: result: strip
configure:5658: checking for ranlib
configure:5674: found /usr/bin/ranlib
configure:5685: result: ranlib
configure:5787: checking command to parse /usr/bin/nm -B output from gcc object
configure:5906: gcc -c -g -O2  conftest.c >&5
configure:5909: $? = 0
configure:5913: /usr/bin/nm -B conftest.o \| sed -n -e 's/^.*[ ]\([ABCDGIRSTW][ABCDGIRSTW]*\)[ ][ ]*\([_A-Za-z][_A-Za-z0-9]*\)$/\1 \2 \2/p' | sed '/ __gnu_lto/d' \> conftest.nm
configure:5916: $? = 0
configure:5982: gcc -o conftest -g -O2   conftest.c conftstm.o >&5
configure:5985: $? = 0
configure:6023: result: ok
configure:6060: checking for sysroot
configure:6090: result: no
configure:6167: gcc -c -g -O2  conftest.c >&5
configure:6170: $? = 0
configure:6333: checking for mt
configure:6349: found /bin/mt
configure:6360: result: mt
configure:6383: checking if mt is a manifest tool
configure:6389: mt '-?'
configure:6397: result: no
configure:7029: checking how to run the C preprocessor
configure:7060: gcc -E  conftest.c
configure:7060: $? = 0
configure:7074: gcc -E  conftest.c
conftest.c:12: fatal error: ac_nonexistent.h: No such file or directory
compilation terminated.
configure:7074: $? = 1
configure: failed program was:
| /* confdefs.h */
| #define PACKAGE_NAME "usbip"
| #define PACKAGE_TARNAME "usbip"
| #define PACKAGE_VERSION "0.1.8"
| #define PACKAGE_STRING "usbip 0.1.8"
| #define PACKAGE_BUGREPORT "usbip-devel@lists.sourceforge.net"
| #define PACKAGE_URL ""
| #define USBIP_VERSION 0x000106
| #define PACKAGE "usbip"
| #define VERSION "0.1.8"
| /* end confdefs.h.  */
| #include <ac_nonexistent.h>
configure:7099: result: gcc -E
configure:7119: gcc -E  conftest.c
configure:7119: $? = 0
configure:7133: gcc -E  conftest.c
conftest.c:12: fatal error: ac_nonexistent.h: No such file or directory
compilation terminated.
configure:7133: $? = 1
configure: failed program was:
| /* confdefs.h */
| #define PACKAGE_NAME "usbip"
| #define PACKAGE_TARNAME "usbip"
| #define PACKAGE_VERSION "0.1.8"
| #define PACKAGE_STRING "usbip 0.1.8"
| #define PACKAGE_BUGREPORT "usbip-devel@lists.sourceforge.net"
| #define PACKAGE_URL ""
| #define USBIP_VERSION 0x000106
| #define PACKAGE "usbip"
| #define VERSION "0.1.8"
| /* end confdefs.h.  */
| #include <ac_nonexistent.h>
configure:7162: checking for ANSI C header files
configure:7182: gcc -c -g -O2  conftest.c >&5
configure:7182: $? = 0
configure:7255: gcc -o conftest -g -O2   conftest.c  >&5
configure:7255: $? = 0
configure:7255: ./conftest
configure:7255: $? = 0
configure:7266: result: yes
configure:7279: checking for sys/types.h
configure:7279: gcc -c -g -O2  conftest.c >&5
configure:7279: $? = 0
configure:7279: result: yes
configure:7279: checking for sys/stat.h
configure:7279: gcc -c -g -O2  conftest.c >&5
configure:7279: $? = 0
configure:7279: result: yes
configure:7279: checking for stdlib.h
configure:7279: gcc -c -g -O2  conftest.c >&5
configure:7279: $? = 0
configure:7279: result: yes
configure:7279: checking for string.h
configure:7279: gcc -c -g -O2  conftest.c >&5
configure:7279: $? = 0
configure:7279: result: yes
configure:7279: checking for memory.h
configure:7279: gcc -c -g -O2  conftest.c >&5
configure:7279: $? = 0
configure:7279: result: yes
configure:7279: checking for strings.h
configure:7279: gcc -c -g -O2  conftest.c >&5
configure:7279: $? = 0
configure:7279: result: yes
configure:7279: checking for inttypes.h
configure:7279: gcc -c -g -O2  conftest.c >&5
configure:7279: $? = 0
configure:7279: result: yes
configure:7279: checking for stdint.h
configure:7279: gcc -c -g -O2  conftest.c >&5
configure:7279: $? = 0
configure:7279: result: yes
configure:7279: checking for unistd.h
configure:7279: gcc -c -g -O2  conftest.c >&5
configure:7279: $? = 0
configure:7279: result: yes
configure:7293: checking for dlfcn.h
configure:7293: gcc -c -g -O2  conftest.c >&5
configure:7293: $? = 0
configure:7293: result: yes
configure:7480: checking for objdir
configure:7495: result: .libs
configure:7762: checking if gcc supports -fno-rtti -fno-exceptions
configure:7780: gcc -c -g -O2  -fno-rtti -fno-exceptions conftest.c >&5
cc1: warning: command line option "-fno-rtti" is valid for C++/ObjC++ but not for C
configure:7784: $? = 0
configure:7797: result: no
configure:8107: checking for gcc option to produce PIC
configure:8114: result: -fPIC -DPIC
configure:8122: checking if gcc PIC flag -fPIC -DPIC works
configure:8140: gcc -c -g -O2  -fPIC -DPIC -DPIC conftest.c >&5
configure:8144: $? = 0
configure:8157: result: yes
configure:8186: checking if gcc static flag -static works
configure:8214: result: yes
configure:8229: checking if gcc supports -c -o file.o
configure:8250: gcc -c -g -O2  -o out/conftest2.o conftest.c >&5
configure:8254: $? = 0
configure:8276: result: yes
configure:8284: checking if gcc supports -c -o file.o
configure:8331: result: yes
configure:8364: checking whether the gcc linker (/usr/bin/ld -m elf_x86_64) supports shared libraries
configure:9526: result: yes
configure:9563: checking whether -lc should be explicitly linked in
configure:9571: gcc -c -g -O2  conftest.c >&5
configure:9574: $? = 0
configure:9589: gcc -shared  -fPIC -DPIC conftest.o  -v -Wl,-soname -Wl,conftest -o conftest 2\>\&1 \| /bin/grep  -lc  \>/dev/null 2\>\&1
configure:9592: $? = 0
configure:9606: result: no
configure:9771: checking dynamic linker characteristics
configure:10286: gcc -o conftest -g -O2   -Wl,-rpath -Wl,/foo conftest.c  >&5
configure:10286: $? = 0
configure:10520: result: GNU/Linux ld.so
configure:10627: checking how to hardcode library paths into programs
configure:10652: result: immediate
configure:11192: checking whether stripping libraries is possible
configure:11197: result: yes
configure:11232: checking if libtool supports shared libraries
configure:11234: result: yes
configure:11237: checking whether to build shared libraries
configure:11258: result: yes
configure:11261: checking whether to build static libraries
configure:11265: result: yes
configure:11350: checking for gcc
configure:11377: result: gcc
configure:11606: checking for C compiler version
configure:11615: gcc --version >&5
gcc (Ubuntu/Linaro 4.4.6-11ubuntu2) 4.4.6
Copyright (C) 2010 Free Software Foundation, Inc.
This is free software; see the source for copying conditions.  There is NO
warranty; not even for MERCHANTABILITY or FITNESS FOR A PARTICULAR PURPOSE.

configure:11626: $? = 0
configure:11615: gcc -v >&5
Using built-in specs.
Target: x86_64-linux-gnu
Configured with: ../src/configure -v --with-pkgversion='Ubuntu/Linaro 4.4.6-11ubuntu2' --with-bugurl=file:///usr/share/doc/gcc-4.4/README.Bugs --enable-languages=c,c++,fortran,objc,obj-c++ --prefix=/usr --program-suffix=-4.4 --enable-shared --enable-linker-build-id --with-system-zlib --libexecdir=/usr/lib --without-included-gettext --enable-threads=posix --with-gxx-include-dir=/usr/include/c++/4.4 --libdir=/usr/lib --enable-nls --with-sysroot=/ --enable-clocale=gnu --enable-libstdcxx-debug --enable-objc-gc --disable-werror --with-arch-32=i686 --with-tune=generic --enable-checking=release --build=x86_64-linux-gnu --host=x86_64-linux-gnu --target=x86_64-linux-gnu
Thread model: posix
gcc version 4.4.6 (Ubuntu/Linaro 4.4.6-11ubuntu2) 
configure:11626: $? = 0
configure:11615: gcc -V >&5
gcc: '-V' option must have argument
configure:11626: $? = 1
configure:11615: gcc -qversion >&5
gcc: unrecognized option '-qversion'
gcc: no input files
configure:11626: $? = 1
configure:11630: checking whether we are using the GNU C compiler
configure:11658: result: yes
configure:11667: checking whether gcc accepts -g
configure:11728: result: yes
configure:11745: checking for gcc option to accept ISO C89
configure:11822: result: none needed
configure:11844: checking dependency style of gcc
configure:11954: result: gcc3
configure:11977: checking for dirent.h that defines DIR
configure:11996: gcc -c -g -O2  conftest.c >&5
configure:11996: $? = 0
configure:12004: result: yes
configure:12017: checking for library containing opendir
configure:12048: gcc -o conftest -g -O2   conftest.c  >&5
configure:12048: $? = 0
configure:12065: result: none required
configure:12132: checking for ANSI C header files
configure:12236: result: yes
configure:12247: checking fcntl.h usability
configure:12247: gcc -c -g -O2  conftest.c >&5
configure:12247: $? = 0
configure:12247: result: yes
configure:12247: checking fcntl.h presence
configure:12247: gcc -E  conftest.c
configure:12247: $? = 0
configure:12247: result: yes
configure:12247: checking for fcntl.h
configure:12247: result: yes
configure:12247: checking netdb.h usability
configure:12247: gcc -c -g -O2  conftest.c >&5
configure:12247: $? = 0
configure:12247: result: yes
configure:12247: checking netdb.h presence
configure:12247: gcc -E  conftest.c
configure:12247: $? = 0
configure:12247: result: yes
configure:12247: checking for netdb.h
configure:12247: result: yes
configure:12247: checking for stdint.h
configure:12247: result: yes
configure:12247: checking for stdlib.h
configure:12247: result: yes
configure:12247: checking for string.h
configure:12247: result: yes
configure:12247: checking for strings.h
configure:12247: result: yes
configure:12247: checking sys/socket.h usability
configure:12247: gcc -c -g -O2  conftest.c >&5
configure:12247: $? = 0
configure:12247: result: yes
configure:12247: checking sys/socket.h presence
configure:12247: gcc -E  conftest.c
configure:12247: $? = 0
configure:12247: result: yes
configure:12247: checking for sys/socket.h
configure:12247: result: yes
configure:12247: checking syslog.h usability
configure:12247: gcc -c -g -O2  conftest.c >&5
configure:12247: $? = 0
configure:12247: result: yes
configure:12247: checking syslog.h presence
configure:12247: gcc -E  conftest.c
configure:12247: $? = 0
configure:12247: result: yes
configure:12247: checking for syslog.h
configure:12247: result: yes
configure:12247: checking for unistd.h
configure:12247: result: yes
configure:12259: checking for an ANSI C-conforming const
configure:12324: gcc -c -g -O2  conftest.c >&5
configure:12324: $? = 0
configure:12331: result: yes
configure:12339: checking for size_t
configure:12339: gcc -c -g -O2  conftest.c >&5
configure:12339: $? = 0
configure:12339: gcc -c -g -O2  conftest.c >&5
conftest.c: In function 'main':
conftest.c:71: error: expected expression before ')' token
configure:12339: $? = 1
configure: failed program was:
| /* confdefs.h */
| #define PACKAGE_NAME "usbip"
| #define PACKAGE_TARNAME "usbip"
| #define PACKAGE_VERSION "0.1.8"
| #define PACKAGE_STRING "usbip 0.1.8"
| #define PACKAGE_BUGREPORT "usbip-devel@lists.sourceforge.net"
| #define PACKAGE_URL ""
| #define USBIP_VERSION 0x000106
| #define PACKAGE "usbip"
| #define VERSION "0.1.8"
| #define STDC_HEADERS 1
| #define HAVE_SYS_TYPES_H 1
| #define HAVE_SYS_STAT_H 1
| #define HAVE_STDLIB_H 1
| #define HAVE_STRING_H 1
| #define HAVE_MEMORY_H 1
| #define HAVE_STRINGS_H 1
| #define HAVE_INTTYPES_H 1
| #define HAVE_STDINT_H 1
| #define HAVE_UNISTD_H 1
| #define HAVE_DLFCN_H 1
| #define LT_OBJDIR ".libs/"
| #define HAVE_DIRENT_H 1
| #define STDC_HEADERS 1
| #define HAVE_FCNTL_H 1
| #define HAVE_NETDB_H 1
| #define HAVE_STDINT_H 1
| #define HAVE_STDLIB_H 1
| #define HAVE_STRING_H 1
| #define HAVE_STRINGS_H 1
| #define HAVE_SYS_SOCKET_H 1
| #define HAVE_SYSLOG_H 1
| #define HAVE_UNISTD_H 1
| /* end confdefs.h.  */
| #include <stdio.h>
| #ifdef HAVE_SYS_TYPES_H
| # include <sys/types.h>
| #endif
| #ifdef HAVE_SYS_STAT_H
| # include <sys/stat.h>
| #endif
| #ifdef STDC_HEADERS
| # include <stdlib.h>
| # include <stddef.h>
| #else
| # ifdef HAVE_STDLIB_H
| #  include <stdlib.h>
| # endif
| #endif
| #ifdef HAVE_STRING_H
| # if !defined STDC_HEADERS && defined HAVE_MEMORY_H
| #  include <memory.h>
| # endif
| # include <string.h>
| #endif
| #ifdef HAVE_STRINGS_H
| # include <strings.h>
| #endif
| #ifdef HAVE_INTTYPES_H
| # include <inttypes.h>
| #endif
| #ifdef HAVE_STDINT_H
| # include <stdint.h>
| #endif
| #ifdef HAVE_UNISTD_H
| # include <unistd.h>
| #endif
| int
| main ()
| {
| if (sizeof ((size_t)))
| 	    return 0;
|   ;
|   return 0;
| }
configure:12339: result: yes
configure:12354: checking for stdlib.h
configure:12354: result: yes
configure:12364: checking for GNU libc compatible malloc
configure:12388: gcc -o conftest -g -O2   conftest.c  >&5
configure:12388: $? = 0
configure:12388: ./conftest
configure:12388: $? = 0
configure:12398: result: yes
configure:12421: checking for stdlib.h
configure:12421: result: yes
configure:12431: checking for GNU libc compatible realloc
configure:12455: gcc -o conftest -g -O2   conftest.c  >&5
configure:12455: $? = 0
configure:12455: ./conftest
configure:12455: $? = 0
configure:12465: result: yes
configure:12489: checking for bzero
configure:12489: gcc -o conftest -g -O2   conftest.c  >&5
conftest.c:62: warning: conflicting types for built-in function 'bzero'
configure:12489: $? = 0
configure:12489: result: yes
configure:12489: checking for memset
configure:12489: gcc -o conftest -g -O2   conftest.c  >&5
conftest.c:63: warning: conflicting types for built-in function 'memset'
configure:12489: $? = 0
configure:12489: result: yes
configure:12489: checking for strchr
configure:12489: gcc -o conftest -g -O2   conftest.c  >&5
conftest.c:64: warning: conflicting types for built-in function 'strchr'
configure:12489: $? = 0
configure:12489: result: yes
configure:12489: checking for strerror
configure:12489: gcc -o conftest -g -O2   conftest.c  >&5
configure:12489: $? = 0
configure:12489: result: yes
configure:12489: checking for strstr
configure:12489: gcc -o conftest -g -O2   conftest.c  >&5
conftest.c:66: warning: conflicting types for built-in function 'strstr'
configure:12489: $? = 0
configure:12489: result: yes
configure:12489: checking for strtoul
configure:12489: gcc -o conftest -g -O2   conftest.c  >&5
configure:12489: $? = 0
configure:12489: result: yes
configure:12499: checking sysfs/libsysfs.h usability
configure:12499: gcc -c -g -O2  conftest.c >&5
configure:12499: $? = 0
configure:12499: result: yes
configure:12499: checking sysfs/libsysfs.h presence
configure:12499: gcc -E  conftest.c
configure:12499: $? = 0
configure:12499: result: yes
configure:12499: checking for sysfs/libsysfs.h
configure:12499: result: yes
configure:12501: checking for sysfs_open_directory_list in -lsysfs
configure:12526: gcc -o conftest -g -O2   conftest.c -lsysfs   >&5
configure:12526: $? = 0
configure:12535: result: yes
configure:12551: checking whether to use the libwrap (TCP wrappers) library
configure:12592: result: (default)
configure:12594: checking for hosts_access in -lwrap
configure:12609: gcc -o conftest -g -O2   conftest.c -lwrap  -lsysfs >&5
configure:12609: $? = 0
configure:12610: result: yes
configure:12711: checking for pkg-config
configure:12729: found /usr/bin/pkg-config
configure:12741: result: /usr/bin/pkg-config
configure:12766: checking pkg-config is at least version 0.9.0
configure:12769: result: yes
configure:12779: checking for PACKAGE
configure:12786: $PKG_CONFIG --exists --print-errors "glib-2.0 >= $GLIB2_REQUIRED"
configure:12789: $? = 0
configure:12803: $PKG_CONFIG --exists --print-errors "glib-2.0 >= $GLIB2_REQUIRED"
configure:12806: $? = 0
configure:12864: result: yes
configure:13011: creating ./config.status

## ---------------------- ##
## Running config.status. ##
## ---------------------- ##

This file was extended by usbip config.status 0.1.8, which was
generated by GNU Autoconf 2.68.  Invocation command line was

  CONFIG_FILES    = 
  CONFIG_HEADERS  = 
  CONFIG_LINKS    = 
  CONFIG_COMMANDS = 
  $ ./config.status 

on gang-R530-R730-P530

config.status:1121: creating Makefile
config.status:1121: creating lib/Makefile
config.status:1121: creating cmd/Makefile
config.status:1121: creating config.h
config.status:1350: executing depfiles commands
config.status:1350: executing libtool commands

## ---------------- ##
## Cache variables. ##
## ---------------- ##

ac_cv_build=x86_64-unknown-linux-gnu
ac_cv_c_compiler_gnu=yes
ac_cv_c_const=yes
ac_cv_env_CC_set=
ac_cv_env_CC_value=
ac_cv_env_CFLAGS_set=
ac_cv_env_CFLAGS_value=
ac_cv_env_CPPFLAGS_set=
ac_cv_env_CPPFLAGS_value=
ac_cv_env_CPP_set=
ac_cv_env_CPP_value=
ac_cv_env_LDFLAGS_set=
ac_cv_env_LDFLAGS_value=
ac_cv_env_LIBS_set=
ac_cv_env_LIBS_value=
ac_cv_env_PACKAGE_CFLAGS_set=
ac_cv_env_PACKAGE_CFLAGS_value=
ac_cv_env_PACKAGE_LIBS_set=
ac_cv_env_PACKAGE_LIBS_value=
ac_cv_env_PKG_CONFIG_LIBDIR_set=
ac_cv_env_PKG_CONFIG_LIBDIR_value=
ac_cv_env_PKG_CONFIG_PATH_set=
ac_cv_env_PKG_CONFIG_PATH_value=
ac_cv_env_PKG_CONFIG_set=
ac_cv_env_PKG_CONFIG_value=
ac_cv_env_build_alias_set=
ac_cv_env_build_alias_value=
ac_cv_env_host_alias_set=
ac_cv_env_host_alias_value=
ac_cv_env_target_alias_set=
ac_cv_env_target_alias_value=
ac_cv_func_bzero=yes
ac_cv_func_malloc_0_nonnull=yes
ac_cv_func_memset=yes
ac_cv_func_realloc_0_nonnull=yes
ac_cv_func_strchr=yes
ac_cv_func_strerror=yes
ac_cv_func_strstr=yes
ac_cv_func_strtoul=yes
ac_cv_header_dirent_dirent_h=yes
ac_cv_header_dlfcn_h=yes
ac_cv_header_fcntl_h=yes
ac_cv_header_inttypes_h=yes
ac_cv_header_memory_h=yes
ac_cv_header_netdb_h=yes
ac_cv_header_stdc=yes
ac_cv_header_stdint_h=yes
ac_cv_header_stdlib_h=yes
ac_cv_header_string_h=yes
ac_cv_header_strings_h=yes
ac_cv_header_sys_socket_h=yes
ac_cv_header_sys_stat_h=yes
ac_cv_header_sys_types_h=yes
ac_cv_header_sysfs_libsysfs_h=yes
ac_cv_header_syslog_h=yes
ac_cv_header_unistd_h=yes
ac_cv_host=x86_64-unknown-linux-gnu
ac_cv_lib_sysfs_sysfs_open_directory_list=yes
ac_cv_objext=o
ac_cv_path_EGREP='/bin/grep -E'
ac_cv_path_FGREP='/bin/grep -F'
ac_cv_path_GREP=/bin/grep
ac_cv_path_SED=/bin/sed
ac_cv_path_ac_pt_PKG_CONFIG=/usr/bin/pkg-config
ac_cv_path_install='/usr/bin/install -c'
ac_cv_path_mkdir=/bin/mkdir
ac_cv_prog_AWK=mawk
ac_cv_prog_CPP='gcc -E'
ac_cv_prog_ac_ct_AR=ar
ac_cv_prog_ac_ct_CC=gcc
ac_cv_prog_ac_ct_MANIFEST_TOOL=mt
ac_cv_prog_ac_ct_OBJDUMP=objdump
ac_cv_prog_ac_ct_RANLIB=ranlib
ac_cv_prog_ac_ct_STRIP=strip
ac_cv_prog_cc_c89=
ac_cv_prog_cc_g=yes
ac_cv_prog_make_make_set=yes
ac_cv_search_opendir='none required'
ac_cv_type_size_t=yes
am_cv_CC_dependencies_compiler_type=gcc3
lt_cv_ar_at_file=@
lt_cv_archive_cmds_need_lc=no
lt_cv_deplibs_check_method=pass_all
lt_cv_file_magic_cmd='$MAGIC_CMD'
lt_cv_file_magic_test_file=
lt_cv_ld_reload_flag=-r
lt_cv_nm_interface='BSD nm'
lt_cv_objdir=.libs
lt_cv_path_LD=/usr/bin/ld
lt_cv_path_NM='/usr/bin/nm -B'
lt_cv_path_mainfest_tool=no
lt_cv_prog_compiler_c_o=yes
lt_cv_prog_compiler_pic='-fPIC -DPIC'
lt_cv_prog_compiler_pic_works=yes
lt_cv_prog_compiler_rtti_exceptions=no
lt_cv_prog_compiler_static_works=yes
lt_cv_prog_gnu_ld=yes
lt_cv_sharedlib_from_linklib_cmd='printf %s\n'
lt_cv_shlibpath_overrides_runpath=no
lt_cv_sys_global_symbol_pipe='sed -n -e '\''s/^.*[	 ]\([ABCDGIRSTW][ABCDGIRSTW]*\)[	 ][	 ]*\([_A-Za-z][_A-Za-z0-9]*\)$/\1 \2 \2/p'\'' | sed '\''/ __gnu_lto/d'\'''
lt_cv_sys_global_symbol_to_c_name_address='sed -n -e '\''s/^: \([^ ]*\)[ ]*$/  {\"\1\", (void *) 0},/p'\'' -e '\''s/^[ABCDGIRSTW]* \([^ ]*\) \([^ ]*\)$/  {"\2", (void *) \&\2},/p'\'''
lt_cv_sys_global_symbol_to_c_name_address_lib_prefix='sed -n -e '\''s/^: \([^ ]*\)[ ]*$/  {\"\1\", (void *) 0},/p'\'' -e '\''s/^[ABCDGIRSTW]* \([^ ]*\) \(lib[^ ]*\)$/  {"\2", (void *) \&\2},/p'\'' -e '\''s/^[ABCDGIRSTW]* \([^ ]*\) \([^ ]*\)$/  {"lib\2", (void *) \&\2},/p'\'''
lt_cv_sys_global_symbol_to_cdecl='sed -n -e '\''s/^T .* \(.*\)$/extern int \1();/p'\'' -e '\''s/^[ABCDGIRSTW]* .* \(.*\)$/extern char \1;/p'\'''
lt_cv_sys_max_cmd_len=1572864
lt_cv_to_host_file_cmd=func_convert_file_noop
lt_cv_to_tool_file_cmd=func_convert_file_noop
pkg_cv_PACKAGE_CFLAGS='-I/usr/include/glib-2.0 -I/usr/lib/x86_64-linux-gnu/glib-2.0/include  '
pkg_cv_PACKAGE_LIBS='-lglib-2.0  '

## ----------------- ##
## Output variables. ##
## ----------------- ##

ACLOCAL='${SHELL} /home/gang/Android/external/usbipd/missing --run aclocal-1.11'
AMDEPBACKSLASH='\'
AMDEP_FALSE='#'
AMDEP_TRUE=''
AMTAR='${SHELL} /home/gang/Android/external/usbipd/missing --run tar'
AR='ar'
AUTOCONF='${SHELL} /home/gang/Android/external/usbipd/missing --run autoconf'
AUTOHEADER='${SHELL} /home/gang/Android/external/usbipd/missing --run autoheader'
AUTOMAKE='${SHELL} /home/gang/Android/external/usbipd/missing --run automake-1.11'
AWK='mawk'
CC='gcc'
CCDEPMODE='depmode=gcc3'
CFLAGS='-g -O2'
CPP='gcc -E'
CPPFLAGS=''
CYGPATH_W='echo'
DEFS='-DHAVE_CONFIG_H'
DEPDIR='.deps'
DLLTOOL='false'
DSYMUTIL=''
DUMPBIN=''
ECHO_C=''
ECHO_N='-n'
ECHO_T=''
EGREP='/bin/grep -E'
EXEEXT=''
EXTRA_CFLAGS=''
FGREP='/bin/grep -F'
GREP='/bin/grep'
INSTALL_DATA='${INSTALL} -m 644'
INSTALL_PROGRAM='${INSTALL}'
INSTALL_SCRIPT='${INSTALL}'
INSTALL_STRIP_PROGRAM='$(install_sh) -c -s'
INSTALL_USBIDS_FALSE='#'
INSTALL_USBIDS_TRUE=''
LD='/usr/bin/ld -m elf_x86_64'
LDFLAGS=''
LIBOBJS=''
LIBS='-lwrap  -lsysfs'
LIBTOOL='$(SHELL) $(top_builddir)/libtool'
LIPO=''
LN_S='ln -s'
LTLIBOBJS=''
MAKEINFO='${SHELL} /home/gang/Android/external/usbipd/missing --run makeinfo'
MANIFEST_TOOL=':'
MKDIR_P='/bin/mkdir -p'
NM='/usr/bin/nm -B'
NMEDIT=''
OBJDUMP='objdump'
OBJEXT='o'
OTOOL64=''
OTOOL=''
PACKAGE='usbip'
PACKAGE_BUGREPORT='usbip-devel@lists.sourceforge.net'
PACKAGE_CFLAGS='-I/usr/include/glib-2.0 -I/usr/lib/x86_64-linux-gnu/glib-2.0/include  '
PACKAGE_LIBS='-lglib-2.0  '
PACKAGE_NAME='usbip'
PACKAGE_STRING='usbip 0.1.8'
PACKAGE_TARNAME='usbip'
PACKAGE_URL=''
PACKAGE_VERSION='0.1.8'
PATH_SEPARATOR=':'
PKG_CONFIG='/usr/bin/pkg-config'
PKG_CONFIG_LIBDIR=''
PKG_CONFIG_PATH=''
RANLIB='ranlib'
SED='/bin/sed'
SET_MAKE=''
SHELL='/bin/bash'
STRIP='strip'
USBIDS_DIR='${datadir}/usbip'
VERSION='0.1.8'
ac_ct_AR='ar'
ac_ct_CC='gcc'
ac_ct_DUMPBIN=''
am__EXEEXT_FALSE=''
am__EXEEXT_TRUE='#'
am__fastdepCC_FALSE='#'
am__fastdepCC_TRUE=''
am__include='include'
am__isrc=''
am__leading_dot='.'
am__quote=''
am__tar='${AMTAR} chof - "$$tardir"'
am__untar='${AMTAR} xf -'
bindir='${exec_prefix}/bin'
build='x86_64-unknown-linux-gnu'
build_alias=''
build_cpu='x86_64'
build_os='linux-gnu'
build_vendor='unknown'
datadir='${datarootdir}'
datarootdir='${prefix}/share'
docdir='${datarootdir}/doc/${PACKAGE_TARNAME}'
dvidir='${docdir}'
exec_prefix='${prefix}'
host='x86_64-unknown-linux-gnu'
host_alias=''
host_cpu='x86_64'
host_os='linux-gnu'
host_vendor='unknown'
htmldir='${docdir}'
includedir='${prefix}/include'
infodir='${datarootdir}/info'
install_sh='${SHELL} /home/gang/Android/external/usbipd/install-sh'
libdir='${exec_prefix}/lib'
libexecdir='${exec_prefix}/libexec'
localedir='${datarootdir}/locale'
localstatedir='${prefix}/var'
mandir='${datarootdir}/man'
mkdir_p='/bin/mkdir -p'
oldincludedir='/usr/include'
pdfdir='${docdir}'
prefix='/usr/local'
program_transform_name='s,x,x,'
psdir='${docdir}'
sbindir='${exec_prefix}/sbin'
sharedstatedir='${prefix}/com'
sysconfdir='${prefix}/etc'
target_alias=''

## ----------- ##
## confdefs.h. ##
## ----------- ##

/* confdefs.h */
#define PACKAGE_NAME "usbip"
#define PACKAGE_TARNAME "usbip"
#define PACKAGE_VERSION "0.1.8"
#define PACKAGE_STRING "usbip 0.1.8"
#define PACKAGE_BUGREPORT "usbip-devel@lists.sourceforge.net"
#define PACKAGE_URL ""
#define USBIP_VERSION 0x000106
#define PACKAGE "usbip"
#define VERSION "0.1.8"
#define STDC_HEADERS 1
#define HAVE_SYS_TYPES_H 1
#define HAVE_SYS_STAT_H 1
#define HAVE_STDLIB_H 1
#define HAVE_STRING_H 1
#define HAVE_MEMORY_H 1
#define HAVE_STRINGS_H 1
#define HAVE_INTTYPES_H 1
#define HAVE_STDINT_H 1
#define HAVE_UNISTD_H 1
#define HAVE_DLFCN_H 1
#define LT_OBJDIR ".libs/"
#define HAVE_DIRENT_H 1
#define STDC_HEADERS 1
#define HAVE_FCNTL_H 1
#define HAVE_NETDB_H 1
#define HAVE_STDINT_H 1
#define HAVE_STDLIB_H 1
#define HAVE_STRING_H 1
#define HAVE_STRINGS_H 1
#define HAVE_SYS_SOCKET_H 1
#define HAVE_SYSLOG_H 1
#define HAVE_UNISTD_H 1
#define HAVE_STDLIB_H 1
#define HAVE_MALLOC 1
#define HAVE_STDLIB_H 1
#define HAVE_REALLOC 1
#define HAVE_BZERO 1
#define HAVE_MEMSET 1
#define HAVE_STRCHR 1
#define HAVE_STRERROR 1
#define HAVE_STRSTR 1
#define HAVE_STRTOUL 1
#define HAVE_LIBWRAP 1

configure: exit 0
